<?xml version="1.0" encoding="UTF-8"?>
<!-- Generated by org.testng.reporters.JUnitReportReporter -->
<testsuite skipped="0" hostname="Harsha-PC" name="carLoan.dependingOnmethod" tests="3" failures="0" timestamp="25 Nov 2018 04:38:01 GMT" time="0.016" errors="0">
  <testcase name="enables1" time="0.002" classname="carLoan.dependingOnmethod"/>
  <testcase name="enables2" time="0.012" classname="carLoan.dependingOnmethod"/>
  <testcase name="enables3" time="0.002" classname="carLoan.dependingOnmethod"/>
</testsuite> <!-- carLoan.dependingOnmethod -->
