<?xml version="1.0" encoding="UTF-8"?>
<!-- Generated by org.testng.reporters.JUnitReportReporter -->
<testsuite skipped="0" hostname="Harsha-PC" name="carLoan.annotations" tests="1" failures="0" timestamp="25 Nov 2018 05:21:25 GMT" time="0.007" errors="0">
  <testcase name="sampleTestExample" time="0.007" classname="carLoan.annotations"/>
</testsuite> <!-- carLoan.annotations -->
