<?xml version="1.0" encoding="UTF-8"?>
<!-- Generated by org.testng.reporters.JUnitReportReporter -->
<testsuite skipped="0" hostname="Harsha-PC" name="carLoan.groupExample" tests="3" failures="0" timestamp="25 Nov 2018 04:18:10 GMT" time="0.026" errors="0">
  <testcase name="enablessss" time="0.013" classname="carLoan.groupExample"/>
  <testcase name="enablessss3" time="0.001" classname="carLoan.groupExample"/>
  <testcase name="enablessss2" time="0.012" classname="carLoan.groupExample"/>
</testsuite> <!-- carLoan.groupExample -->
