<?xml version="1.0" encoding="UTF-8"?>
<!-- Generated by org.testng.reporters.JUnitReportReporter -->
<testsuite skipped="0" hostname="Harsha-PC" name="carLoan.test1" tests="2" failures="0" timestamp="25 Nov 2018 03:29:13 GMT" time="0.014" errors="0">
  <testcase name="toCheckCarLoan" time="0.012" classname="carLoan.test1"/>
  <testcase name="toCheckCarLoan1" time="0.002" classname="carLoan.test1"/>
</testsuite> <!-- carLoan.test1 -->
