<?xml version="1.0" encoding="UTF-8"?>
<!-- Generated by org.testng.reporters.JUnitReportReporter -->
<testsuite skipped="0" hostname="Harsha-PC" name="personalLoan.test1" tests="2" failures="0" timestamp="25 Nov 2018 03:29:13 GMT" time="0.003" errors="0">
  <testcase name="toCheckPersonalLoanFunctionality" time="0.002" classname="personalLoan.test1"/>
  <testcase name="toCheckPersonalLoanFunctionality1" time="0.001" classname="personalLoan.test1"/>
</testsuite> <!-- personalLoan.test1 -->
