<?xml version="1.0" encoding="UTF-8"?>
<!-- Generated by org.testng.reporters.JUnitReportReporter -->
<testsuite skipped="1" hostname="Harsha-PC" name="enable" tests="2" failures="0" timestamp="25 Nov 2018 03:44:18 GMT" time="0.014" errors="0">
  <testcase name="enablessss3" time="0.014" classname="enable"/>
  <testcase name="enablessss" classname="enable">
    <skipped/>
  </testcase> <!-- enablessss -->
</testsuite> <!-- enable -->
