<?xml version="1.0" encoding="UTF-8"?>
<!-- Generated by org.testng.reporters.JUnitReportReporter -->
<testsuite skipped="1" hostname="Harsha-PC" name="carLoan.enable" tests="3" failures="0" timestamp="25 Nov 2018 03:48:53 GMT" time="0.059" errors="0">
  <testcase name="enablessss2" time="0.057" classname="carLoan.enable"/>
  <testcase name="enablessss3" time="0.002" classname="carLoan.enable"/>
  <testcase name="enablessss" classname="carLoan.enable">
    <skipped/>
  </testcase> <!-- enablessss -->
</testsuite> <!-- carLoan.enable -->
