<?xml version="1.0" encoding="UTF-8"?>
<!-- Generated by org.testng.reporters.JUnitReportReporter -->
<testsuite skipped="0" hostname="Harsha-PC" name="carLoan.parameterExample" tests="1" failures="0" timestamp="25 Nov 2018 05:47:49 GMT" time="0.014" errors="0">
  <testcase name="toTestUsershouldAbleSelectCarType" time="0.014" classname="carLoan.parameterExample"/>
</testsuite> <!-- carLoan.parameterExample -->
